<?xml version="1.0" encoding="UTF-8"?>


<beans xsi:schemaLocation="http://www.springframework.org/schema/beans http://www.springframework.org/schema/beans/spring-beans.xsd http://www.springframework.org/schema/context http://www.springframework.org/schema/context/spring-context.xsd http://www.springframework.org/schema/mvc https://www.springframework.org/schema/mvc/spring-mvc.xsd"
       xmlns:mvc="http://www.springframework.org/schema/mvc" xmlns:xsi="http://www.w3.org/2001/XMLSchema-instance"
       xmlns:context="http://www.springframework.org/schema/context"
       xmlns="http://www.springframework.org/schema/beans">



    <context:component-scan base-package="com.alexa.movieland">

        <context:exclude-filter expression="com\.alexa\.movieland\.controller\..*" type="regex"/>

    </context:component-scan>

    <bean class="com.zaxxer.hikari.HikariConfig" id="hikariConfig">
        <property value="sa" name="username"/>
        <property value="" name="password"/>
        <property value="jdbc:h2:mem:test;INIT=runscript from 'classpath:init.sql'" name="jdbcUrl"/>
        <property value="org.h2.Driver" name="driverClassName"/>

    </bean>


    <bean class="com.zaxxer.hikari.HikariDataSource" id="dataSource">
        <constructor-arg ref="hikariConfig"/>
    </bean>
    <bean class="org.springframework.jdbc.core.JdbcTemplate" id="jdbcTemplate">
        <property name="dataSource" ref="dataSource"/>
    </bean>


</beans>